<?xml version="1.0" encoding="UTF-8"?>
<!-- Generated by org.testng.reporters.JUnitXMLReporter -->
<testsuite ignored="0" hostname="SPASI-X250" failures="0" tests="6" name="Default test" time="8.385" errors="0" timestamp="2020-08-07T17:25:44 IST">
  <testcase classname="BasicValidation" name="headersValidation" time="3.714"/>
  <testcase classname="BasicValidation" name="md5JsonTest" time="1.488"/>
  <testcase classname="BasicValidation" name="md5JsonTest" time="0.4"/>
  <testcase classname="BasicValidation" name="md5JsonTest" time="0.387"/>
  <testcase classname="BasicValidation" name="statusCodeLine" time="1.155"/>
  <testcase classname="BasicValidation" name="statusCodeValidation" time="1.153"/>
</testsuite> <!-- Default test -->
