<?xml version="1.0" encoding="UTF-8"?>
<!-- Generated by org.testng.reporters.JUnitXMLReporter -->
<testsuite ignored="0" hostname="SPASI-X250" failures="0" tests="4" name="Default test" time="6.917" errors="0" timestamp="2020-08-10T22:42:38 IST">
  <testcase classname="CrudOperations" name="ValidateGetRequest" time="4.545"/>
  <testcase classname="CrudOperations" name="validateDeleteRequest" time="0.759"/>
  <testcase classname="CrudOperations" name="validatePostRequest" time="0.783"/>
  <testcase classname="CrudOperations" name="validatePutRequest" time="0.75"/>
</testsuite> <!-- Default test -->
